code-assessment.html     http://outreach.vlabs.ac.in/
feedback.html     http://outreach.vlabs.ac.in/
further-reading-and-references.html     http://outreach.vlabs.ac.in/
index.html     http://outreach.vlabs.ac.in/
overview.html     http://outreach.vlabs.ac.in/
performance-report.html     http://vlab.co.in
posttest.html     http://outreach.vlabs.ac.in/
pretest.html     http://outreach.vlabs.ac.in/
recap.html     http://outreach.vlabs.ac.in/
validator-report.html     http://vlab.co.in
analysis/analysis-quiz.html     http://outreach.vlabs.ac.in/
analysis/index.html     http://outreach.vlabs.ac.in/
analysis/time-and-space-complexity.html     http://outreach.vlabs.ac.in/
kahns-algorithm/basic-concept-algorithm.html     http://outreach.vlabs.ac.in/
kahns-algorithm/index.html     http://outreach.vlabs.ac.in/
kahns-algorithm/kahns-quiz.html     http://outreach.vlabs.ac.in/
topological-sort/index.html     http://outreach.vlabs.ac.in/
topological-sort/overview.html     http://outreach.vlabs.ac.in/
topological-sort/through-dfs.html     http://outreach.vlabs.ac.in/
topological-sort/topo-quiz.html     http://outreach.vlabs.ac.in/
kahns-algorithm/simulation/docs/index.html     http://validator.w3.org/check?uri=referer
kahns-algorithm/simulation/docs/sitemap.html     http://validator.w3.org/check?uri=referer
kahns-algorithm/simulation/docs/org-templates/level-0.html     http://validator.w3.org/check?uri=referer
kahns-algorithm/simulation/docs/org-templates/level-1.html     http://validator.w3.org/check?uri=referer
kahns-algorithm/simulation/docs/org-templates/level-2.html     http://validator.w3.org/check?uri=referer
kahns-algorithm/simulation/docs/org-templates/level-3.html     http://validator.w3.org/check?uri=referer
kahns-algorithm/simulation/docs/org-templates/level-4.html     http://validator.w3.org/check?uri=referer
kahns-algorithm/simulation/docs/org-templates/level-5.html     http://validator.w3.org/check?uri=referer
kahns-algorithm/simulation/docs/org-templates/tex-macros.html     http://validator.w3.org/check?uri=referer
kahns-algorithm/simulation/docs/runtime/realization-catalog.html     http://validator.w3.org/check?uri=referer
kahns-algorithm/simulation/docs/runtime/css/topo_css.html     http://validator.w3.org/check?uri=referer
kahns-algorithm/simulation/docs/runtime/html/topo_demo_html.html     http://validator.w3.org/check?uri=referer
kahns-algorithm/simulation/docs/runtime/html/topo_exercise_html.html     http://validator.w3.org/check?uri=referer
kahns-algorithm/simulation/docs/runtime/html/topo_practice_html.html     http://validator.w3.org/check?uri=referer
kahns-algorithm/simulation/docs/runtime/js/data.html     http://validator.w3.org/check?uri=referer
kahns-algorithm/simulation/docs/runtime/js/topo_algo.html     http://validator.w3.org/check?uri=referer
kahns-algorithm/simulation/docs/runtime/js/topo_demo_js.html     http://validator.w3.org/check?uri=referer
kahns-algorithm/simulation/docs/runtime/js/topo_exercise_js.html     http://validator.w3.org/check?uri=referer
kahns-algorithm/simulation/docs/runtime/js/topo_practice_js.html     http://validator.w3.org/check?uri=referer
